<?xml version="1.0" encoding="UTF-8"?>
<!-- Generated by org.testng.reporters.JUnitReportReporter -->
<testsuite skipped="0" hostname="shabi80" name="com.crm.qa.testcases.LoginPageTest" tests="3" failures="0" timestamp="27 Feb 2018 18:50:26 GMT" time="41.922" errors="0">
  <testcase name="loginPageTitleTest" time="13.305" classname="com.crm.qa.testcases.LoginPageTest"/>
  <testcase name="crmLogoImageTest" time="12.655" classname="com.crm.qa.testcases.LoginPageTest"/>
  <testcase name="loginTest" time="15.962" classname="com.crm.qa.testcases.LoginPageTest"/>
</testsuite> <!-- com.crm.qa.testcases.LoginPageTest -->
